<?xml version="1.0" encoding="UTF-8"?>
<!-- Generated by org.testng.reporters.JUnitReportReporter -->
<testsuite hostname="Anjana-Raja" failures="0" tests="3" name="testngframework.TestNGTestcases" time="13.214" errors="0" timestamp="2024-09-26T11:55:36 IST" skipped="0">
  <testcase classname="testngframework.TestNGTestcases" name="bookMyShow" time="3.806"/>
  <system-out/>
  <testcase classname="testngframework.TestNGTestcases" name="ajioStore" time="6.009"/>
  <system-out/>
  <testcase classname="testngframework.TestNGTestcases" name="shoppingKart" time="3.399"/>
  <system-out/>
</testsuite> <!-- testngframework.TestNGTestcases -->
