<?xml version="1.0" encoding="UTF-8"?>
<!-- Generated by org.testng.reporters.JUnitReportReporter -->
<testsuite hostname="Anjana-Raja" failures="0" tests="1" name="testngframework.TestNGParameters" time="7.467" errors="0" timestamp="2024-03-06T16:55:17 IST" skipped="0">
  <testcase classname="testngframework.TestNGParameters" name="browserInvoking" time="7.467"/>
  <system-out/>
</testsuite> <!-- testngframework.TestNGParameters -->
