<?xml version="1.0" encoding="UTF-8"?>
<!-- Generated by org.testng.reporters.JUnitReportReporter -->
<testsuite hostname="Anjana-Raja" failures="0" tests="2" name="testngframework.TestNGTest" time="21.813" errors="0" timestamp="2024-03-05T13:53:15 IST" skipped="0">
  <testcase classname="testngframework.TestNGTest" name="testcase1" time="13.580"/>
  <system-out/>
  <testcase classname="testngframework.TestNGTest" name="testcase2" time="8.233"/>
  <system-out/>
</testsuite> <!-- testngframework.TestNGTest -->
