<?xml version="1.0" encoding="UTF-8"?>
<!-- Generated by org.testng.reporters.JUnitReportReporter -->
<testsuite hostname="Anjana-Raja" failures="0" tests="3" name="testngframework.DataDrivenFromExcelSheet" time="75.077" errors="0" timestamp="2024-09-02T19:20:23 IST" skipped="0">
  <testcase classname="testngframework.DataDrivenFromExcelSheet" name="testcase1" time="23.832"/>
  <system-out/>
  <testcase classname="testngframework.DataDrivenFromExcelSheet" name="testcase1" time="26.992"/>
  <system-out/>
  <testcase classname="testngframework.DataDrivenFromExcelSheet" name="testcase1" time="24.253"/>
  <system-out/>
</testsuite> <!-- testngframework.DataDrivenFromExcelSheet -->
