<?xml version="1.0" encoding="UTF-8"?>
<!-- Generated by org.testng.reporters.JUnitReportReporter -->
<testsuite hostname="Anjana-Raja" failures="0" tests="3" name="testngframework.TestNGparallelexecutionOfClasses" time="18.130" errors="0" timestamp="2024-05-11T16:14:23 IST" skipped="0">
  <testcase classname="testngframework.TestNGparallelexecutionOfClasses" name="bookMyShow" time="4.673"/>
  <system-out/>
  <testcase classname="testngframework.TestNGparallelexecutionOfClasses" name="ajioStore" time="9.420"/>
  <system-out/>
  <testcase classname="testngframework.TestNGparallelexecutionOfClasses" name="shoppingKart" time="4.037"/>
  <system-out/>
</testsuite> <!-- testngframework.TestNGparallelexecutionOfClasses -->
