<?xml version="1.0" encoding="UTF-8"?>
<!-- Generated by org.testng.reporters.JUnitReportReporter -->
<testsuite hostname="Anjana-Raja" failures="0" tests="3" name="testngframework.DynamicParameterization" time="58.249" errors="0" timestamp="2024-03-22T22:10:20 IST" skipped="0">
  <testcase classname="testngframework.DynamicParameterization" name="Parameterization" time="10.179"/>
  <system-out/>
  <testcase classname="testngframework.DynamicParameterization" name="Parameterization" time="32.247"/>
  <system-out/>
  <testcase classname="testngframework.DynamicParameterization" name="Parameterization" time="15.823"/>
  <system-out/>
</testsuite> <!-- testngframework.DynamicParameterization -->
