<?xml version="1.0" encoding="UTF-8"?>
<!-- Generated by org.testng.reporters.JUnitReportReporter -->
<testsuite hostname="Anjana-Raja" failures="0" tests="4" name="testngframework.TestcaseGroupUsingXML" time="21.761" errors="0" timestamp="2024-08-01T16:41:35 IST" skipped="0">
  <testcase classname="testngframework.TestcaseGroupUsingXML" name="bookMyShow" time="4.702"/>
  <system-out/>
  <testcase classname="testngframework.TestcaseGroupUsingXML" name="ajioStore" time="7.606"/>
  <system-out/>
  <testcase classname="testngframework.TestcaseGroupUsingXML" name="naukriProfile" time="5.762"/>
  <system-out/>
  <testcase classname="testngframework.TestcaseGroupUsingXML" name="shoppingKart" time="3.691"/>
  <system-out/>
</testsuite> <!-- testngframework.TestcaseGroupUsingXML -->
