<?xml version="1.0" encoding="UTF-8"?>
<!-- Generated by org.testng.reporters.JUnitReportReporter -->
<testsuite hostname="Anjana-Raja" failures="0" tests="1" name="testngframework.ExcelData" time="1.428" errors="0" timestamp="2024-09-02T18:54:00 IST" skipped="0">
  <testcase classname="testngframework.ExcelData" name="ExcelData" time="1.428"/>
  <system-out/>
</testsuite> <!-- testngframework.ExcelData -->
