<?xml version="1.0" encoding="UTF-8"?>
<!-- Generated by org.testng.reporters.JUnitReportReporter -->
<testsuite hostname="Anjana-Raja" failures="0" tests="1" name="testngframework.Assertions" time="28.261" errors="0" timestamp="2024-03-22T21:56:31 IST" skipped="0">
  <testcase classname="testngframework.Assertions" name="Parameterization" time="28.261"/>
  <system-out/>
</testsuite> <!-- testngframework.Assertions -->
