<?xml version="1.0" encoding="UTF-8"?>
<!-- Generated by org.testng.reporters.JUnitReportReporter -->
<testsuite hostname="Anjana-Raja" failures="0" tests="3" name="testngframework.TestNGParallelExecutionMethods" time="23.459" errors="0" timestamp="2024-03-06T17:26:58 IST" skipped="0">
  <testcase classname="testngframework.TestNGParallelExecutionMethods" name="ajioStore" time="9.725"/>
  <system-out/>
  <testcase classname="testngframework.TestNGParallelExecutionMethods" name="shoppingKart" time="7.240"/>
  <system-out/>
  <testcase classname="testngframework.TestNGParallelExecutionMethods" name="bookMyShow" time="6.494"/>
  <system-out/>
</testsuite> <!-- testngframework.TestNGParallelExecutionMethods -->
