<?xml version="1.0" encoding="UTF-8"?>
<!-- Generated by org.testng.reporters.JUnitReportReporter -->
<testsuite hostname="Anjana-Raja" failures="0" tests="7" name="testngframework.TestNGPriority" time="181.910" errors="0" timestamp="2024-09-26T12:12:47 IST" skipped="0">
  <testcase classname="testngframework.TestNGPriority" name="Naukri" time="142.625"/>
  <system-out/>
  <testcase classname="testngframework.TestNGPriority" name="shoppingKart" time="3.699"/>
  <system-out/>
  <testcase classname="testngframework.TestNGPriority" name="Rapido" time="12.485"/>
  <system-out/>
  <testcase classname="testngframework.TestNGPriority" name="amazon" time="4.746"/>
  <system-out/>
  <testcase classname="testngframework.TestNGPriority" name="JioMart" time="7.664"/>
  <system-out/>
  <testcase classname="testngframework.TestNGPriority" name="ajioStore" time="6.544"/>
  <system-out/>
  <testcase classname="testngframework.TestNGPriority" name="bookMyShow" time="4.147"/>
  <system-out/>
</testsuite> <!-- testngframework.TestNGPriority -->
