<?xml version="1.0" encoding="UTF-8"?>
<!-- Generated by org.testng.reporters.JUnitReportReporter -->
<testsuite hostname="Anjana-Raja" failures="0" tests="3" name="testngframework.TestcaseSkip" time="23.720" errors="0" timestamp="2024-03-22T21:54:10 IST" skipped="1">
  <testcase classname="testngframework.TestcaseSkip" name="shoppingKart" time="6.529">
    <skipped/>
  </testcase> <!-- shoppingKart -->
  <system-out/>
  <testcase classname="testngframework.TestcaseSkip" name="bookMyShow" time="5.047"/>
  <system-out/>
  <testcase classname="testngframework.TestcaseSkip" name="ajioStore" time="12.144"/>
  <system-out/>
</testsuite> <!-- testngframework.TestcaseSkip -->
