<?xml version="1.0" encoding="UTF-8"?>
<!-- Generated by org.testng.reporters.JUnitReportReporter -->
<testsuite hostname="Anjana-Raja" failures="0" tests="3" name="testngframework.TestcaseDisable" time="10.050" errors="0" timestamp="2024-03-05T13:53:15 IST" skipped="1">
  <testcase classname="testngframework.TestcaseDisable" name="bookMyShow" time="4.674"/>
  <system-out/>
  <testcase classname="testngframework.TestcaseDisable" name="shoppingKart" time="5.376"/>
  <system-out/>
  <testcase classname="testngframework.TestcaseDisable" name="ajioStore">
    <skipped/>
  </testcase> <!-- ajioStore -->
  <system-out/>
</testsuite> <!-- testngframework.TestcaseDisable -->
