<?xml version="1.0" encoding="UTF-8"?>
<!-- Generated by org.testng.reporters.JUnitReportReporter -->
<testsuite hostname="Anjana-Raja" failures="0" tests="1" name="testngframework.EndToEndTesting" time="52.223" errors="0" timestamp="2024-03-26T07:13:39 IST" skipped="0">
  <testcase classname="testngframework.EndToEndTesting" name="fullTest" time="52.223"/>
  <system-out/>
</testsuite> <!-- testngframework.EndToEndTesting -->
