<?xml version="1.0" encoding="UTF-8"?>
<!-- Generated by org.testng.reporters.JUnitReportReporter -->
<testsuite hostname="Anjana-Raja" failures="0" tests="3" name="testngframework.HashmapDataDriven" time="87.617" errors="0" timestamp="2024-04-24T19:42:27 IST" skipped="0">
  <testcase classname="testngframework.HashmapDataDriven" name="HashMapData" time="24.611"/>
  <system-out/>
  <testcase classname="testngframework.HashmapDataDriven" name="HashMapData" time="24.356"/>
  <system-out/>
  <testcase classname="testngframework.HashmapDataDriven" name="HashMapData" time="38.650"/>
  <system-out/>
</testsuite> <!-- testngframework.HashmapDataDriven -->
