<?xml version="1.0" encoding="UTF-8"?>
<!-- Generated by org.testng.reporters.JUnitReportReporter -->
<testsuite hostname="Anjana-Raja" failures="0" tests="5" name="testngframework.TestNGFeatures" time="113.608" errors="0" timestamp="2024-05-11T13:01:32 IST" skipped="2">
  <testcase classname="testngframework.TestNGFeatures" name="shoppingKart" time="4.231"/>
  <system-out/>
  <testcase classname="testngframework.TestNGFeatures" name="shoppingKart" time="78.555"/>
  <system-out/>
  <testcase classname="testngframework.TestNGFeatures" name="naukriProfile" time="10.226">
    <skipped/>
  </testcase> <!-- naukriProfile -->
  <system-out/>
  <testcase classname="testngframework.TestNGFeatures" name="ajioStore" time="20.596"/>
  <system-out/>
  <testcase classname="testngframework.TestNGFeatures" name="bookMyShow">
    <skipped/>
  </testcase> <!-- bookMyShow -->
  <system-out/>
</testsuite> <!-- testngframework.TestNGFeatures -->
