<?xml version="1.0" encoding="UTF-8"?>
<!-- Generated by org.testng.reporters.JUnitReportReporter -->
<testsuite hostname="Anjana-Raja" failures="0" tests="5" name="testngframework.NumberOfTimesTestcasesRunning" time="28.369" errors="0" timestamp="2024-03-05T13:53:15 IST" skipped="0">
  <testcase classname="testngframework.NumberOfTimesTestcasesRunning" name="shoppingKart" time="5.119"/>
  <system-out/>
  <testcase classname="testngframework.NumberOfTimesTestcasesRunning" name="ajioStore" time="7.682"/>
  <system-out/>
  <testcase classname="testngframework.NumberOfTimesTestcasesRunning" name="shoppingKart" time="5.674"/>
  <system-out/>
  <testcase classname="testngframework.NumberOfTimesTestcasesRunning" name="shoppingKart" time="5.585"/>
  <system-out/>
  <testcase classname="testngframework.NumberOfTimesTestcasesRunning" name="bookMyShow" time="4.309"/>
  <system-out/>
</testsuite> <!-- testngframework.NumberOfTimesTestcasesRunning -->
